<?xml version="1.0" encoding="UTF-8"?>
<!-- Generated by org.testng.reporters.JUnitXMLReporter -->
<testsuite hostname="Samsung-PC" name="Default test" tests="3" failures="0" timestamp="30 Sep 2019 17:48:12 GMT" time="123.1" errors="0">
  <testcase name="tc_101" time="41.988" classname="com.hrms.testscripts.TC_101"/>
  <testcase name="tc_102" time="41.82" classname="com.hrms.testscripts.TC_102"/>
  <testcase name="tc_103" time="39.27" classname="com.hrms.testscripts.TC_103"/>
</testsuite> <!-- Default test -->
